SF:lib/src/exceptions/not_a_number_expection.dart
DA:6,0
DA:8,0
DA:10,0
LF:3
LH:0
end_of_record
SF:lib/src/exceptions/range_exception.dart
DA:6,0
DA:8,0
DA:10,0
LF:3
LH:0
end_of_record
SF:lib/src/number2words.dart
DA:11,1
DA:20,1
DA:21,0
DA:28,1
DA:29,1
DA:36,0
DA:37,0
DA:44,0
DA:45,0
DA:52,0
DA:53,0
DA:60,0
LF:12
LH:4
end_of_record
SF:lib/src/constants/nepali_constants.dart
DA:6,0
DA:111,0
DA:121,3
DA:145,0
DA:159,3
LF:5
LH:2
end_of_record
SF:lib/src/helpers/input_validator.dart
DA:6,1
DA:7,1
DA:8,2
DA:12,1
DA:13,1
DA:14,2
DA:18,1
DA:19,1
DA:20,2
DA:24,1
DA:25,1
DA:26,2
DA:30,1
DA:31,1
DA:35,1
DA:37,5
DA:38,0
DA:41,1
DA:42,1
DA:43,0
DA:44,1
DA:45,0
DA:46,1
DA:47,0
DA:48,1
DA:49,0
DA:50,1
DA:51,0
LF:28
LH:22
end_of_record
SF:lib/src/helpers/letter_case_converter.dart
DA:4,1
DA:7,1
DA:9,0
DA:10,0
DA:11,0
DA:12,1
DA:14,0
DA:15,0
DA:16,0
DA:17,1
DA:19,1
DA:20,2
DA:21,1
DA:22,5
DA:27,1
DA:28,2
DA:29,1
DA:30,0
DA:31,0
DA:32,0
DA:33,0
DA:34,0
DA:37,0
DA:38,0
LF:24
LH:11
end_of_record
SF:lib/src/language/english.dart
DA:9,0
DA:12,0
DA:16,0
DA:18,0
DA:19,0
DA:22,0
DA:24,0
DA:27,0
DA:28,0
DA:29,0
DA:31,0
DA:32,0
DA:33,0
DA:36,0
DA:42,0
DA:50,0
DA:52,0
DA:56,0
DA:59,0
DA:62,0
DA:65,0
DA:66,0
DA:69,0
DA:71,0
DA:77,0
DA:79,0
DA:80,0
DA:81,0
DA:82,0
DA:84,0
DA:85,0
DA:87,0
DA:88,0
DA:90,0
DA:91,0
DA:93,0
DA:94,0
DA:95,0
DA:96,0
DA:98,0
DA:99,0
DA:104,0
DA:106,0
DA:107,0
DA:108,0
DA:109,0
DA:110,0
DA:112,0
DA:116,0
LF:49
LH:0
end_of_record
SF:lib/src/language/hindi.dart
DA:6,0
LF:1
LH:0
end_of_record
SF:lib/src/language/nepali.dart
DA:11,0
DA:17,0
DA:20,0
DA:22,0
DA:24,0
DA:26,0
DA:27,0
DA:30,0
DA:31,0
DA:32,0
DA:35,0
DA:36,0
DA:37,0
DA:43,0
DA:45,0
DA:49,0
DA:50,0
DA:51,0
DA:52,0
DA:54,0
DA:55,0
DA:56,0
DA:59,0
DA:60,0
DA:61,0
DA:66,0
DA:67,0
DA:68,0
DA:71,0
DA:77,1
DA:85,1
DA:87,2
DA:91,2
DA:94,1
DA:97,3
DA:100,1
DA:101,1
DA:104,1
DA:106,0
DA:112,2
DA:116,1
DA:117,1
DA:118,2
DA:119,2
DA:120,2
DA:121,2
DA:122,2
DA:123,2
DA:125,1
DA:127,0
DA:128,0
DA:131,0
DA:132,0
DA:133,0
DA:136,0
DA:141,1
DA:143,0
DA:144,0
DA:147,0
DA:148,0
DA:151,0
DA:156,1
DA:158,0
DA:159,0
DA:162,0
DA:163,0
DA:164,0
DA:167,0
DA:172,1
DA:174,0
DA:175,0
DA:178,0
DA:179,0
DA:182,0
DA:186,1
DA:188,1
DA:189,0
DA:192,1
DA:193,2
DA:194,1
DA:195,3
DA:196,2
DA:198,0
DA:199,0
DA:200,0
DA:203,0
DA:204,0
DA:206,1
DA:207,3
DA:210,0
DA:215,1
DA:217,0
DA:218,0
DA:219,0
DA:222,0
DA:223,0
DA:224,0
DA:227,0
DA:228,0
DA:233,0
DA:234,0
DA:235,0
DA:236,0
DA:238,0
DA:239,0
DA:240,0
DA:242,0
DA:243,0
DA:244,0
DA:246,0
DA:247,0
DA:248,0
DA:250,0
DA:251,0
DA:252,0
DA:253,0
DA:255,0
DA:256,0
DA:286,2
DA:288,1
DA:289,0
DA:290,0
DA:293,0
DA:294,0
DA:298,0
DA:299,0
DA:303,0
DA:307,1
LF:128
LH:35
end_of_record
SF:lib/src/language/russian.dart
DA:6,0
LF:1
LH:0
end_of_record
SF:lib/src/language/spanish.dart
DA:6,0
LF:1
LH:0
end_of_record
